<?xml version="1.0" encoding="UTF-8"?>
<testsuite name="WizardTD.InputHandlerTest" tests="10" skipped="0" failures="0" errors="0" timestamp="2023-10-26T07:22:37" hostname="bamingyuandeMacBook-Air.local" time="11.404">
  <properties/>
  <testcase name="test_1_ButtonToggle()" classname="WizardTD.InputHandlerTest" time="1.054"/>
  <testcase name="test_M_ButtonPressAndRelease()" classname="WizardTD.InputHandlerTest" time="1.038"/>
  <testcase name="test_mousePressed_RightClick_NoAction()" classname="WizardTD.InputHandlerTest" time="1.067"/>
  <testcase name="test_checkButtonHover_DifferentButtons()" classname="WizardTD.InputHandlerTest" time="1.066"/>
  <testcase name="test_F()" classname="WizardTD.InputHandlerTest" time="1.065"/>
  <testcase name="test_T_ToggleButtonSelected()" classname="WizardTD.InputHandlerTest" time="1.069"/>
  <testcase name="test_mouseReleased_Button6Reset()" classname="WizardTD.InputHandlerTest" time="1.067"/>
  <testcase name="test_mousePressed_ButtonActions()" classname="WizardTD.InputHandlerTest" time="1.242"/>
  <testcase name="test_P_TogglePause()" classname="WizardTD.InputHandlerTest" time="1.364"/>
  <testcase name="test_isButtonSelected()" classname="WizardTD.InputHandlerTest" time="1.364"/>
  <system-out><![CDATA[]]></system-out>
  <system-err><![CDATA[]]></system-err>
</testsuite>
